[debug] > Exec(early(addDefaultCommands), None, None)
[debug] > Exec(addDefaultCommands, None, None)
[debug] > Exec(early(initialize), None, None)
[debug] > Exec(initialize, None, None)
[debug] > Exec(boot, None, None)
[debug] > Exec(writeSbtVersion, None, None)
[debug] > Exec(reload, None, None)
[debug] > Exec(sbtStashOnFailure, None, None)
[debug] > Exec(onFailure loadFailed, None, None)
[debug] > Exec(loadp, None, None)
[info] welcome to sbt 1.8.3 (Azul Systems, Inc. Java 20.0.1)
[debug]       Load.loadUnit: plugins took 33.262667ms
[debug]       Load.loadUnit: defsScala took 0.091333ms
[debug] [Loading] Scanning directory /Users/chrisvanzyl/.sbt/1.0/plugins
[debug] [Loading] Found non-root projects 
[debug] [Loading] Done in /Users/chrisvanzyl/.sbt/1.0/plugins, returning: ()
[debug] deducing auto plugins based on known facts Set(Atom(sbt.plugins.CorePlugin)) and clauses Clauses(Clause(Atom(sbt.plugins.JvmPlugin),Set(Atom(sbt.plugins.IvyPlugin)))
[debug] Clause(Atom(sbt.ScriptedPlugin),Set(Atom(sbt.plugins.JvmPlugin)))
[debug] Clause(Atom(sbt.plugins.SbtPlugin),Set(Atom(sbt.ScriptedPlugin)))
[debug] Clause(Atom(sbt.plugins.SemanticdbPlugin),Set(Atom(sbt.plugins.JvmPlugin)))
[debug] Clause(Atom(sbt.plugins.JUnitXmlReportPlugin),Set(Atom(sbt.plugins.JvmPlugin)))
[debug] Clause(Atom(sbt.plugins.MiniDependencyTreePlugin),Set(Atom(sbt.plugins.JvmPlugin)))
[debug] Clause(Atom(sbt.plugins.CorePlugin),Set(Atom(sbt.plugins.IvyPlugin)))
[debug] Clause(Atom(sbt.plugins.IvyPlugin),Set(Atom(sbt.plugins.JvmPlugin)))
[debug] Clause(Atom(sbt.plugins.JvmPlugin),Set(Atom(sbt.plugins.SemanticdbPlugin)))
[debug] Clause(Atom(sbt.plugins.JvmPlugin),Set(Atom(sbt.plugins.JUnitXmlReportPlugin)))
[debug] Clause(Atom(sbt.plugins.CorePlugin),Set(Atom(sbt.plugins.Giter8TemplatePlugin)))
[debug] Clause(Atom(sbt.plugins.JvmPlugin),Set(Atom(sbt.plugins.MiniDependencyTreePlugin))))
[debug]   :: deduced result: Matched(sbt.plugins.CorePlugin,sbt.plugins.Giter8TemplatePlugin,sbt.plugins.IvyPlugin,sbt.plugins.JvmPlugin,sbt.plugins.MiniDependencyTreePlugin,sbt.plugins.JUnitXmlReportPlugin,sbt.plugins.SemanticdbPlugin)
[debug] Plugins.deducer#function took 5.396875 ms
[debug]           Load.resolveProject(global-plugins) took 21.005125ms
[debug]         Load.loadTransitive: finalizeProject(Project(id global-plugins, base: /Users/chrisvanzyl/.sbt/1.0/plugins, plugins: List(<none>))) took 34.885625ms
[debug] [Loading] Done in /Users/chrisvanzyl/.sbt/1.0/plugins, returning: (global-plugins)
[debug]       Load.loadUnit: loadedProjectsRaw took 43.412541ms
[debug]       Load.loadUnit: cleanEvalClasses took 0.085667ms
[debug]     Load.loadUnit(file:/Users/chrisvanzyl/.sbt/1.0/plugins/, ...) took 79.690125ms
[debug]   Load.apply: load took 281.913083ms
[debug]   Load.apply: resolveProjects took 2.569125ms
[debug]   Load.apply: finalTransforms took 30.187208ms
[debug]   Load.apply: config.delegates took 2.496834ms
[debug]   Load.apply: Def.make(settings)... took 157.792ms
[debug]   Load.apply: structureIndex took 42.984583ms
[debug]   Load.apply: mkStreams took 0.571625ms
[info] loading global plugins from /Users/chrisvanzyl/.sbt/1.0/plugins
[debug] Running task... Cancel: Signal, check cycles: false, forcegc: true
[debug] Load.defaultLoad until apply took 1062.238291ms
[debug]           Load.loadUnit: plugins took 6.391042ms
[debug]           Load.loadUnit: defsScala took 0.001791ms
[debug] [Loading] Scanning directory /Users/chrisvanzyl/IdeaProjects/financial-calculator/project
[debug] [Loading] Found non-root projects 
[debug] [Loading] Done in /Users/chrisvanzyl/IdeaProjects/financial-calculator/project, returning: ()
[debug] deducing auto plugins based on known facts Set(Atom(sbt.plugins.CorePlugin)) and clauses Clauses(Clause(Atom(sbt.plugins.JvmPlugin),Set(Atom(sbt.plugins.IvyPlugin)))
[debug] Clause(Atom(sbt.ScriptedPlugin),Set(Atom(sbt.plugins.JvmPlugin)))
[debug] Clause(Atom(sbt.plugins.SbtPlugin),Set(Atom(sbt.ScriptedPlugin)))
[debug] Clause(Atom(sbt.plugins.SemanticdbPlugin),Set(Atom(sbt.plugins.JvmPlugin)))
[debug] Clause(Atom(sbt.plugins.JUnitXmlReportPlugin),Set(Atom(sbt.plugins.JvmPlugin)))
[debug] Clause(Atom(sbt.plugins.MiniDependencyTreePlugin),Set(Atom(sbt.plugins.JvmPlugin)))
[debug] Clause(Atom(sbt.plugins.CorePlugin),Set(Atom(sbt.plugins.IvyPlugin)))
[debug] Clause(Atom(sbt.plugins.IvyPlugin),Set(Atom(sbt.plugins.JvmPlugin)))
[debug] Clause(Atom(sbt.plugins.JvmPlugin),Set(Atom(sbt.plugins.SemanticdbPlugin)))
[debug] Clause(Atom(sbt.plugins.JvmPlugin),Set(Atom(sbt.plugins.JUnitXmlReportPlugin)))
[debug] Clause(Atom(sbt.plugins.CorePlugin),Set(Atom(sbt.plugins.Giter8TemplatePlugin)))
[debug] Clause(Atom(sbt.plugins.JvmPlugin),Set(Atom(sbt.plugins.MiniDependencyTreePlugin))))
[debug]   :: deduced result: Matched(sbt.plugins.CorePlugin,sbt.plugins.Giter8TemplatePlugin,sbt.plugins.IvyPlugin,sbt.plugins.JvmPlugin,sbt.plugins.MiniDependencyTreePlugin,sbt.plugins.JUnitXmlReportPlugin,sbt.plugins.SemanticdbPlugin)
[debug] Plugins.deducer#function took 0.822958 ms
[debug]               Load.resolveProject(financial-calculator-build) took 0.500666ms
[debug]             Load.loadTransitive: finalizeProject(Project(id financial-calculator-build, base: /Users/chrisvanzyl/IdeaProjects/financial-calculator/project, plugins: List(<none>))) took 1.581166ms
[debug] [Loading] Done in /Users/chrisvanzyl/IdeaProjects/financial-calculator/project, returning: (financial-calculator-build)
[debug]           Load.loadUnit: loadedProjectsRaw took 2.458584ms
[debug]           Load.loadUnit: cleanEvalClasses took 0.00425ms
[debug]         Load.loadUnit(file:/Users/chrisvanzyl/IdeaProjects/financial-calculator/project/, ...) took 9.164167ms
[debug]       Load.apply: load took 9.675292ms
[debug]       Load.apply: resolveProjects took 0.056583ms
[debug]       Load.apply: finalTransforms took 4.583375ms
[debug]       Load.apply: config.delegates took 0.196792ms
[debug]       Load.apply: Def.make(settings)... took 49.516541ms
[debug]       Load.apply: structureIndex took 14.593959ms
[debug]       Load.apply: mkStreams took 0.001458ms
[info] loading project definition from /Users/chrisvanzyl/IdeaProjects/financial-calculator/project
[debug] Running task... Cancel: Signal, check cycles: false, forcegc: true
[debug]     Load.loadUnit: plugins took 201.889917ms
[debug]     Load.loadUnit: defsScala took 0.00125ms
[debug] [Loading] Scanning directory /Users/chrisvanzyl/IdeaProjects/financial-calculator
[debug]       Load.loadUnit: mkEval took 2.347416ms
[debug] [Loading] Found root project root w/ remaining 
[debug] deducing auto plugins based on known facts Set(Atom(sbt.plugins.CorePlugin)) and clauses Clauses(Clause(Atom(sbt.plugins.JvmPlugin),Set(Atom(sbt.plugins.IvyPlugin)))
[debug] Clause(Atom(sbt.ScriptedPlugin),Set(Atom(sbt.plugins.JvmPlugin)))
[debug] Clause(Atom(sbt.plugins.SbtPlugin),Set(Atom(sbt.ScriptedPlugin)))
[debug] Clause(Atom(sbt.plugins.SemanticdbPlugin),Set(Atom(sbt.plugins.JvmPlugin)))
[debug] Clause(Atom(sbt.plugins.JUnitXmlReportPlugin),Set(Atom(sbt.plugins.JvmPlugin)))
[debug] Clause(Atom(sbt.plugins.MiniDependencyTreePlugin),Set(Atom(sbt.plugins.JvmPlugin)))
[debug] Clause(Atom(sbt.plugins.CorePlugin),Set(Atom(sbt.plugins.IvyPlugin)))
[debug] Clause(Atom(sbt.plugins.IvyPlugin),Set(Atom(sbt.plugins.JvmPlugin)))
[debug] Clause(Atom(sbt.plugins.JvmPlugin),Set(Atom(sbt.plugins.SemanticdbPlugin)))
[debug] Clause(Atom(sbt.plugins.JvmPlugin),Set(Atom(sbt.plugins.JUnitXmlReportPlugin)))
[debug] Clause(Atom(sbt.plugins.CorePlugin),Set(Atom(sbt.plugins.Giter8TemplatePlugin)))
[debug] Clause(Atom(sbt.plugins.JvmPlugin),Set(Atom(sbt.plugins.MiniDependencyTreePlugin))))
[debug]   :: deduced result: Matched(sbt.plugins.CorePlugin,sbt.plugins.Giter8TemplatePlugin,sbt.plugins.IvyPlugin,sbt.plugins.JvmPlugin,sbt.plugins.MiniDependencyTreePlugin,sbt.plugins.JUnitXmlReportPlugin,sbt.plugins.SemanticdbPlugin)
[debug] Plugins.deducer#function took 0.702709 ms
[info] loading settings for project root from build.sbt ...
[debug]         Load.resolveProject(root) took 1.093708ms
[debug]       Load.loadTransitive: finalizeProject(Project(id root, base: /Users/chrisvanzyl/IdeaProjects/financial-calculator, plugins: List(<none>))) took 2.160042ms
[debug] [Loading] Done in /Users/chrisvanzyl/IdeaProjects/financial-calculator, returning: (root)
[debug]     Load.loadUnit: loadedProjectsRaw took 66.324416ms
[debug]     Load.loadUnit: cleanEvalClasses took 2.017041ms
[debug]   Load.loadUnit(file:/Users/chrisvanzyl/IdeaProjects/financial-calculator/, ...) took 270.580875ms
[debug] Load.apply: load took 271.286292ms
[debug] Load.apply: resolveProjects took 0.051875ms
[debug] Load.apply: finalTransforms took 5.722916ms
[debug] Load.apply: config.delegates took 0.180167ms
[debug] Load.apply: Def.make(settings)... took 43.512041ms
[debug] Load.apply: structureIndex took 12.049042ms
[debug] Load.apply: mkStreams took 0.001458ms
[info] set current project to financial-calculator (in build file:/Users/chrisvanzyl/IdeaProjects/financial-calculator/)
[debug] > Exec(sbtPopOnFailure, None, None)
[debug] > Exec(resumeFromFailure, None, None)
[debug] > Exec(notifyUsersAboutShell, None, None)
[debug] > Exec(iflast shell, None, None)
[debug] > Exec(shell, None, None)
[info] sbt server started at local:///Users/chrisvanzyl/.sbt/1.0/server/7b6e9f1206e255551a50/sock
[debug] Writing bsp connection file
[info] started sbt server
